  Zad.1-13.cpp
D:\SDA\CPPZaawansowany\Zad.1-13\Zad.1-13.cpp(58,21): warning C4244: '=': conversion from '__int64' to 'int', possible loss of data
D:\SDA\CPPZaawansowany\Zad.1-13\Zad.1-13.cpp(77,27): warning C4267: 'argument': conversion from 'size_t' to '_Ty', possible loss of data
          with
          [
              _Ty=int
          ]
D:\SDA\CPPZaawansowany\Zad.1-13\Zad.1-13.cpp(79,67): warning C4244: '=': conversion from 'double' to 'int', possible loss of data
D:\SDA\CPPZaawansowany\Zad.1-13\Zad.1-13.cpp(107,25): warning C4267: 'argument': conversion from 'size_t' to '_Ty', possible loss of data
          with
          [
              _Ty=int
          ]
D:\SDA\CPPZaawansowany\Zad.1-13\Zad.1-13.cpp(195,50): warning C4834: discarding return value of function with 'nodiscard' attribute
D:\SDA\CPPZaawansowany\Zad.1-13\Zad.1-13.cpp(195,86): error C2143: syntax error: missing ')' before ';'
D:\SDA\CPPZaawansowany\Zad.1-13\Zad.1-13.cpp(195,26): error C2672: 'std::find': no matching overloaded function found
D:\SDA\CPPZaawansowany\Zad.1-13\Zad.1-13.cpp(195,86): error C2780: '_InIt std::find(_InIt,const _InIt,const _Ty &)': expects 3 arguments - 1 provided
C:\Program Files\Microsoft Visual Studio\2022\Community\VC\Tools\MSVC\14.32.31326\include\xutility(5201): message : see declaration of 'std::find'
D:\SDA\CPPZaawansowany\Zad.1-13\Zad.1-13.cpp(195,87): error C2059: syntax error: ')'
D:\SDA\CPPZaawansowany\Zad.1-13\Zad.1-13.cpp(197,21): error C3536: 'result': cannot be used before it is initialized
D:\SDA\CPPZaawansowany\Zad.1-13\Zad.1-13.cpp(197,24): error C2065: 'vecNumbers': undeclared identifier
D:\SDA\CPPZaawansowany\Zad.1-13\Zad.1-13.cpp(198,45): error C2065: 'n': undeclared identifier
D:\SDA\CPPZaawansowany\Zad.1-13\Zad.1-13.cpp(199,49): error C2065: 'n': undeclared identifier
